[35m[Appium][39m Welcome to Appium v1.21.0
[35m[Appium][39m Non-default server args:
[35m[Appium][39m   port: 63057
[35m[Appium][39m   loglevel: info
[35m[Appium][39m   tmpDir: C:\Users\synis\AppData\Local\Temp\\Katalon\Appium\Temp1674934799889
[35m[Appium][39m   chromedriverPort: 63058
[35m[Appium][39m Deprecated server args:
[35m[Appium][39m   [31m--chromedriver-port[39m => --default-capabilities
[35m[Appium][39m Default capabilities, which will be added to each request unless overridden by desired capabilities:
[35m[Appium][39m   chromedriverPort: 63058
[35m[Appium][39m Appium REST http interface listener started on 0.0.0.0:63057
[35m[HTTP][39m [37m-->[39m [37mGET[39m [37m/wd/hub/status[39m
[35m[HTTP][39m [90m{}[39m
[35m[HTTP][39m [37m<-- GET /wd/hub/status [39m[32m200[39m [90m15 ms - 68[39m
[35m[HTTP][39m [90m[39m
[35m[HTTP][39m [37m-->[39m [37mGET[39m [37m/wd/hub/status[39m
[35m[HTTP][39m [90m{}[39m
[35m[HTTP][39m [37m<-- GET /wd/hub/status [39m[32m200[39m [90m2 ms - 68[39m
[35m[HTTP][39m [90m[39m
[35m[HTTP][39m [37m-->[39m [37mPOST[39m [37m/wd/hub/session[39m
[35m[HTTP][39m [90m{"desiredCapabilities":{"app":"C:\\Users\\synis\\Desktop\\Prakasa Punya\\EDUWORK\\katalon\\eduapp\\mobileapp\\Calculator.apk","noReset":true,"deviceName":"emulator-5554 (sdk_gphone_x86 - Android 11)","fullReset":false,"platform":"ANDROID","newCommandTimeout":1800,"platformVersion":"11","automationName":"uiautomator2","autoGrantPermissions":true,"platformName":"Android","udid":"emulator-5554","systemPort":63065},"capabilities":{"firstMatch":[{"appium:app":"C:\\Users\\synis\\Desktop\\Prakasa Punya\\EDUWORK\\katalon\\eduapp\\mobileapp\\Calculator.apk","appium:autoGrantPermissions":true,"appium:automationName":"uiautomator2","appium:deviceName":"emulator-5554 (sdk_gphone_x86 - Android 11)","appium:fullReset":false,"appium:newCommandTimeout":1800,"appium:noReset":true,"platform":"ANDROID","platformName":"android","appium:platformVersion":"11","appium:systemPort":63065,"appium:udid":"emulator-5554"}]}}[39m
[35m[BaseDriver][39m The following capabilities are not standard capabilities and should have an extension prefix:
[35m[BaseDriver][39m   platform
[35m[BaseDriver][39m   chromedriverPort
[35m[Appium][39m Appium v1.21.0 creating new AndroidUiautomator2Driver (v1.65.0) session
[35m[BaseDriver][39m The following capabilities were provided, but are not recognized by Appium:
[35m[BaseDriver][39m   platform
[35m[BaseDriver][39m Session created with session id: c4bdf53e-0cbf-457f-8f8c-c8b3194095e6
[35m[BaseDriver][39m Using local app 'C:\Users\synis\Desktop\Prakasa Punya\EDUWORK\katalon\eduapp\mobileapp\Calculator.apk'
[35m[ADB][39m Found 2 'build-tools' folders under 'C:\Users\synis\AppData\Local\Android\Sdk' (newest first):
[35m[ADB][39m     C:/Users/synis/AppData/Local/Android/Sdk/build-tools/31.0.0-rc5
[35m[ADB][39m     C:/Users/synis/AppData/Local/Android/Sdk/build-tools/30.0.3
[35m[ADB][39m Using 'adb.exe' from 'C:\Users\synis\AppData\Local\Android\Sdk\platform-tools\adb.exe'
[35m[AndroidDriver][39m Retrieving device list
[35m[AndroidDriver][39m Using device: emulator-5554
[35m[ADB][39m Using 'adb.exe' from 'C:\Users\synis\AppData\Local\Android\Sdk\platform-tools\adb.exe'
[35m[ADB][39m Getting device platform version
[35m[UiAutomator2][39m Relaxing hidden api policy
[35m[ADB][39m Package name: 'com.google.android.calculator'
[35m[ADB][39m Main activity name: 'com.android.calculator2.Calculator'
[35m[ADB][39m Using 'apksigner.jar' from 'C:\Users\synis\AppData\Local\Android\Sdk\build-tools\31.0.0-rc5\lib\apksigner.jar'
[35m[ADB][39m 'C:\Users\synis\AppData\Roaming\npm\node_modules\appium\node_modules\appium-uiautomator2-server\apks\appium-uiautomator2-server-v4.21.1.apk' is signed with the default certificate
[35m[ADB][39m 'C:\Users\synis\AppData\Roaming\npm\node_modules\appium\node_modules\appium-uiautomator2-server\apks\appium-uiautomator2-server-debug-androidTest.apk' is signed with the default certificate
[35m[UiAutomator2][39m Server packages are not going to be (re)installed
[35m[ADB][39m Adding packages ["io.appium.settings","io.appium.uiautomator2.server","io.appium.uiautomator2.server.test"] to Doze whitelist
[35m[ADB][39m 'C:\Users\synis\Desktop\Prakasa Punya\EDUWORK\katalon\eduapp\mobileapp\Calculator.apk' is signed with a non-default certificate
[35m[UiAutomator2][39m Starting UIAutomator2 server 4.21.1
[35m[UiAutomator2][39m Using UIAutomator2 server from 'C:\Users\synis\AppData\Roaming\npm\node_modules\appium\node_modules\appium-uiautomator2-server\apks\appium-uiautomator2-server-v4.21.1.apk' and test from 'C:\Users\synis\AppData\Roaming\npm\node_modules\appium\node_modules\appium-uiautomator2-server\apks\appium-uiautomator2-server-debug-androidTest.apk'
[35m[UiAutomator2][39m Waiting up to 30000ms for UiAutomator2 to be online...
[35m[WD Proxy][39m socket hang up
[35m[WD Proxy][39m socket hang up
[35m[WD Proxy][39m socket hang up
[35m[WD Proxy][39m Determined the downstream protocol as 'W3C'
[35m[AndroidDriver][39m Screen already unlocked, doing nothing
[35m[UiAutomator2][39m Starting 'com.google.android.calculator/com.android.calculator2.Calculator and waiting for 'com.google.android.calculator/com.android.calculator2.Calculator'
[35m[Appium][39m New AndroidUiautomator2Driver session created successfully, session c4bdf53e-0cbf-457f-8f8c-c8b3194095e6 added to master session list
[35m[HTTP][39m [37m<-- POST /wd/hub/session [39m[32m200[39m [90m10794 ms - 1379[39m
[35m[HTTP][39m [90m[39m
[35m[HTTP][39m [37m-->[39m [37mGET[39m [37m/wd/hub/session/c4bdf53e-0cbf-457f-8f8c-c8b3194095e6[39m
[35m[HTTP][39m [90m{}[39m
[35m[HTTP][39m [37m<-- GET /wd/hub/session/c4bdf53e-0cbf-457f-8f8c-c8b3194095e6 [39m[32m200[39m [90m27 ms - 1333[39m
[35m[HTTP][39m [90m[39m
[35m[HTTP][39m [37m-->[39m [37mGET[39m [37m/wd/hub/session/c4bdf53e-0cbf-457f-8f8c-c8b3194095e6[39m
[35m[HTTP][39m [90m{}[39m
[35m[HTTP][39m [37m<-- GET /wd/hub/session/c4bdf53e-0cbf-457f-8f8c-c8b3194095e6 [39m[32m200[39m [90m13 ms - 1333[39m
[35m[HTTP][39m [90m[39m
[35m[HTTP][39m [37m-->[39m [37mGET[39m [37m/wd/hub/status[39m
[35m[HTTP][39m [90m{}[39m
[35m[HTTP][39m [37m<-- GET /wd/hub/status [39m[32m200[39m [90m1 ms - 68[39m
[35m[HTTP][39m [90m[39m
[35m[HTTP][39m [37m-->[39m [37mPOST[39m [37m/wd/hub/session/c4bdf53e-0cbf-457f-8f8c-c8b3194095e6/timeouts[39m
[35m[HTTP][39m [90m{"implicit":60000}[39m
[35m[HTTP][39m [37m<-- POST /wd/hub/session/c4bdf53e-0cbf-457f-8f8c-c8b3194095e6/timeouts [39m[32m200[39m [90m5 ms - 14[39m
[35m[HTTP][39m [90m[39m
[35m[HTTP][39m [37m-->[39m [37mGET[39m [37m/wd/hub/session/c4bdf53e-0cbf-457f-8f8c-c8b3194095e6/source[39m
[35m[HTTP][39m [90m{}[39m
[35m[W3C (c4bdf53e)][39m Driver proxy active, passing request on via HTTP proxy
[35m[WD Proxy][39m Replacing sessionId 53f2ca30-3661-4ea4-a3f5-d708447de4cc with c4bdf53e-0cbf-457f-8f8c-c8b3194095e6
[35m[HTTP][39m [37m<-- GET /wd/hub/session/c4bdf53e-0cbf-457f-8f8c-c8b3194095e6/source [39m[32m200[39m [90m472 ms - 20493[39m
[35m[HTTP][39m [90m[39m
[35m[HTTP][39m [37m-->[39m [37mGET[39m [37m/wd/hub/session/c4bdf53e-0cbf-457f-8f8c-c8b3194095e6/screenshot[39m
[35m[HTTP][39m [90m{}[39m
[35m[HTTP][39m [37m<-- GET /wd/hub/session/c4bdf53e-0cbf-457f-8f8c-c8b3194095e6/screenshot [39m[32m200[39m [90m611 ms - 164224[39m
[35m[HTTP][39m [90m[39m
[35m[HTTP][39m [37m-->[39m [37mGET[39m [37m/wd/hub/session/c4bdf53e-0cbf-457f-8f8c-c8b3194095e6/source[39m
[35m[HTTP][39m [90m{}[39m
[35m[W3C (c4bdf53e)][39m Driver proxy active, passing request on via HTTP proxy
[35m[WD Proxy][39m Replacing sessionId 53f2ca30-3661-4ea4-a3f5-d708447de4cc with c4bdf53e-0cbf-457f-8f8c-c8b3194095e6
[35m[HTTP][39m [37m<-- GET /wd/hub/session/c4bdf53e-0cbf-457f-8f8c-c8b3194095e6/source [39m[32m200[39m [90m156 ms - 38180[39m
[35m[HTTP][39m [90m[39m
[35m[HTTP][39m [37m-->[39m [37mGET[39m [37m/wd/hub/session/c4bdf53e-0cbf-457f-8f8c-c8b3194095e6/screenshot[39m
[35m[HTTP][39m [90m{}[39m
[35m[HTTP][39m [37m<-- GET /wd/hub/session/c4bdf53e-0cbf-457f-8f8c-c8b3194095e6/screenshot [39m[32m200[39m [90m533 ms - 187680[39m
[35m[HTTP][39m [90m[39m
[35m[HTTP][39m [37m-->[39m [37mPOST[39m [37m/wd/hub/session/c4bdf53e-0cbf-457f-8f8c-c8b3194095e6/elements[39m
[35m[HTTP][39m [90m{"using":"xpath","value":"//*[@class = 'android.widget.TextView' and (@text = 'Change your keyboard theme, sound, or vibration' or . = 'Change your keyboard theme, sound, or vibration') and @resource-id = 'com.google.android.gms:id/gh_suggestion_label']"}[39m
[35m[HTTP][39m [37m<-- POST /wd/hub/session/c4bdf53e-0cbf-457f-8f8c-c8b3194095e6/elements [39m[32m200[39m [90m210 ms - 139[39m
[35m[HTTP][39m [90m[39m
[35m[HTTP][39m [37m-->[39m [37mGET[39m [37m/wd/hub/session/c4bdf53e-0cbf-457f-8f8c-c8b3194095e6/source[39m
[35m[HTTP][39m [90m{}[39m
[35m[W3C (c4bdf53e)][39m Driver proxy active, passing request on via HTTP proxy
[35m[WD Proxy][39m Replacing sessionId 53f2ca30-3661-4ea4-a3f5-d708447de4cc with c4bdf53e-0cbf-457f-8f8c-c8b3194095e6
[35m[HTTP][39m [37m<-- GET /wd/hub/session/c4bdf53e-0cbf-457f-8f8c-c8b3194095e6/source [39m[32m200[39m [90m180 ms - 37054[39m
[35m[HTTP][39m [90m[39m
[35m[HTTP][39m [37m-->[39m [37mGET[39m [37m/wd/hub/session/c4bdf53e-0cbf-457f-8f8c-c8b3194095e6/screenshot[39m
[35m[HTTP][39m [90m{}[39m
[35m[HTTP][39m [37m<-- GET /wd/hub/session/c4bdf53e-0cbf-457f-8f8c-c8b3194095e6/screenshot [39m[32m200[39m [90m540 ms - 319748[39m
[35m[HTTP][39m [90m[39m
[35m[HTTP][39m [37m-->[39m [37mPOST[39m [37m/wd/hub/session/c4bdf53e-0cbf-457f-8f8c-c8b3194095e6/elements[39m
[35m[HTTP][39m [90m{"using":"xpath","value":"//*[@class = 'android.widget.TextView' and (@text = 'Vibration strength on keypress' or . = 'Vibration strength on keypress')]"}[39m
[35m[HTTP][39m [37m<-- POST /wd/hub/session/c4bdf53e-0cbf-457f-8f8c-c8b3194095e6/elements [39m[32m200[39m [90m137 ms - 139[39m
[35m[HTTP][39m [90m[39m
[35m[HTTP][39m [37m-->[39m [37mDELETE[39m [37m/wd/hub/session/c4bdf53e-0cbf-457f-8f8c-c8b3194095e6[39m
[35m[HTTP][39m [90m{}[39m
[35m[Appium][39m Removing session c4bdf53e-0cbf-457f-8f8c-c8b3194095e6 from our master session list
[35m[UiAutomator2][39m Restoring hidden api policy to the device default configuration
[35m[HTTP][39m [37m<-- DELETE /wd/hub/session/c4bdf53e-0cbf-457f-8f8c-c8b3194095e6 [39m[32m200[39m [90m241 ms - 14[39m
[35m[HTTP][39m [90m[39m
